<?xml version="1.0" encoding="UTF-8"?>
<!-- Generated by org.testng.reporters.JUnitReportReporter -->
<testsuite hostname="IN-PG035258" failures="0" tests="1" name="Jenkinsmvnintegration.Sampletestcase$GoogleSearchTest" time="6.605" errors="0" timestamp="2023-10-06T20:52:03 IST" skipped="0">
  <testcase classname="Jenkinsmvnintegration.Sampletestcase$GoogleSearchTest" name="testGoogleSearch" time="6.605"/>
  <system-out/>
</testsuite> <!-- Jenkinsmvnintegration.Sampletestcase$GoogleSearchTest -->
